<?xml version="1.0" encoding="UTF-8"?>
<testng-results ignored="0" total="1" passed="1" failed="0" skipped="0">
  <reporter-output>
  </reporter-output>
  <suite started-at="2024-06-01T17:21:30 IST" name="Default suite" finished-at="2024-06-01T17:21:45 IST" duration-ms="14084">
    <groups>
    </groups>
    <test started-at="2024-06-01T17:21:30 IST" name="Default test" finished-at="2024-06-01T17:21:45 IST" duration-ms="14084">
      <class name="abc.IframeHandling">
        <test-method signature="two()[pri:0, instance:abc.IframeHandling@795509d9]" started-at="2024-06-01T17:21:30 IST" name="two" finished-at="2024-06-01T17:21:45 IST" duration-ms="14017" status="PASS">
          <reporter-output>
          </reporter-output>
        </test-method> <!-- two -->
      </class> <!-- abc.IframeHandling -->
    </test> <!-- Default test -->
  </suite> <!-- Default suite -->
</testng-results>
